{
  "RSpec": {
    "coverage": {
      "/Users/DL/Desktop/rails_projects/pollster/app/controllers/application_controller.rb": [
        1,
        1,
        null
      ],
      "/Users/DL/Desktop/rails_projects/pollster/app/helpers/application_helper.rb": [
        1,
        1,
        0,
        0,
        null,
        0,
        null,
        null,
        null,
        null
      ],
      "/Users/DL/Desktop/rails_projects/pollster/app/helpers/polls_helper.rb": [
        1,
        1,
        0,
        0,
        null,
        null,
        null,
        null,
        null,
        null,
        null,
        null,
        null,
        null
      ],
      "/Users/DL/Desktop/rails_projects/pollster/app/helpers/questions_helper.rb": [
        1,
        null,
        null
      ],
      "/Users/DL/Desktop/rails_projects/pollster/app/controllers/polls_controller.rb": [
        1,
        null,
        1,
        null,
        1,
        0,
        null,
        null,
        1,
        0,
        0,
        null,
        null,
        null,
        0,
        0,
        null,
        0,
        null,
        null,
        1,
        0,
        null,
        null,
        null,
        1,
        0,
        null,
        null,
        null,
        1,
        0,
        0,
        0,
        0,
        0,
        0,
        null,
        0,
        null,
        null,
        null
      ],
      "/Users/DL/Desktop/rails_projects/pollster/app/models/poll.rb": [
        1,
        1,
        null,
        null,
        null,
        1,
        1,
        1,
        null,
        1,
        null,
        null,
        null,
        null,
        null,
        null,
        null,
        null,
        null,
        null
      ],
      "/Users/DL/Desktop/rails_projects/pollster/app/controllers/questions_controller.rb": [
        1,
        null,
        1,
        null,
        1,
        0,
        0,
        0,
        0,
        0,
        null,
        null,
        1,
        0,
        0,
        null,
        null,
        1,
        null,
        0,
        null,
        null,
        1,
        0,
        0,
        0,
        0,
        0,
        null,
        0,
        null,
        null,
        null,
        1,
        null,
        0,
        0,
        0,
        0,
        null,
        null,
        null,
        null,
        1,
        0,
        0,
        0,
        0,
        null,
        null,
        null,
        1,
        1,
        0,
        null,
        null,
        null
      ],
      "/Users/DL/Desktop/rails_projects/pollster/app/models/question.rb": [
        1,
        1,
        null,
        1,
        null,
        null,
        1,
        null
      ]
    },
    "timestamp": 1343782513
  }
}
